mode: set
calculator/internal/service/calculator.go:30.48,35.2 1 1
calculator/internal/service/calculator.go:37.104,46.37 6 1
calculator/internal/service/calculator.go:46.37,47.27 1 1
calculator/internal/service/calculator.go:47.27,56.40 7 1
calculator/internal/service/calculator.go:56.40,60.19 3 1
calculator/internal/service/calculator.go:60.19,62.6 1 1
calculator/internal/service/calculator.go:64.5,65.25 2 1
calculator/internal/service/calculator.go:65.25,67.20 2 1
calculator/internal/service/calculator.go:67.20,69.7 1 0
calculator/internal/service/calculator.go:72.5,73.15 2 1
calculator/internal/service/calculator.go:74.14,75.23 1 1
calculator/internal/service/calculator.go:76.14,77.23 1 0
calculator/internal/service/calculator.go:78.14,79.23 1 1
calculator/internal/service/calculator.go:80.13,81.59 1 0
calculator/internal/service/calculator.go:84.5,85.21 2 1
calculator/internal/service/calculator.go:85.21,88.6 2 1
calculator/internal/service/calculator.go:89.5,93.20 4 1
calculator/internal/service/calculator.go:95.9,95.35 1 1
calculator/internal/service/calculator.go:95.35,97.4 1 1
calculator/internal/service/calculator.go:101.2,101.32 1 1
calculator/internal/service/calculator.go:101.32,103.46 2 1
calculator/internal/service/calculator.go:103.46,105.18 2 1
calculator/internal/service/calculator.go:105.18,106.12 1 1
calculator/internal/service/calculator.go:107.25,107.25 0 1
calculator/internal/service/calculator.go:108.13,108.13 0 1
calculator/internal/service/calculator.go:110.10,112.5 1 1
calculator/internal/service/calculator.go:113.4,113.13 1 1
calculator/internal/service/calculator.go:118.2,118.12 1 1
calculator/internal/service/calculator.go:118.12,121.3 2 1
calculator/internal/service/calculator.go:124.2,125.31 2 1
calculator/internal/service/calculator.go:125.31,127.3 1 1
calculator/internal/service/calculator.go:129.2,129.9 1 1
calculator/internal/service/calculator.go:130.24,131.18 1 1
calculator/internal/service/calculator.go:132.10,132.10 0 1
calculator/internal/service/calculator.go:136.2,137.36 2 1
calculator/internal/service/calculator.go:137.36,139.10 2 1
calculator/internal/service/calculator.go:139.10,140.12 1 0
calculator/internal/service/calculator.go:142.3,142.74 1 1
calculator/internal/service/calculator.go:145.2,145.25 1 1
calculator/internal/service/calculator.go:148.114,149.25 1 1
calculator/internal/service/calculator.go:150.15,151.29 1 0
calculator/internal/service/calculator.go:151.29,153.4 1 0
calculator/internal/service/calculator.go:154.3,154.23 1 0
calculator/internal/service/calculator.go:155.13,156.16 1 1
calculator/internal/service/calculator.go:157.14,159.14 2 1
calculator/internal/service/calculator.go:159.14,161.4 1 1
calculator/internal/service/calculator.go:162.3,162.16 1 1
calculator/internal/service/calculator.go:163.10,164.45 1 0
