mode: set
calculator/internal/service/calculator.go:32.48,37.2 1 1
calculator/internal/service/calculator.go:39.104,47.37 7 1
calculator/internal/service/calculator.go:47.37,49.27 2 1
calculator/internal/service/calculator.go:49.27,52.40 2 1
calculator/internal/service/calculator.go:52.40,54.5 1 1
calculator/internal/service/calculator.go:56.4,56.40 1 1
calculator/internal/service/calculator.go:56.40,61.21 4 1
calculator/internal/service/calculator.go:61.21,64.6 2 0
calculator/internal/service/calculator.go:65.5,71.19 5 1
calculator/internal/service/calculator.go:71.19,73.6 1 1
calculator/internal/service/calculator.go:75.5,76.27 2 1
calculator/internal/service/calculator.go:76.27,78.20 2 1
calculator/internal/service/calculator.go:78.20,80.7 1 0
calculator/internal/service/calculator.go:83.5,84.21 2 1
calculator/internal/service/calculator.go:85.14,86.23 1 1
calculator/internal/service/calculator.go:87.14,88.23 1 1
calculator/internal/service/calculator.go:89.14,90.23 1 1
calculator/internal/service/calculator.go:91.13,92.65 1 0
calculator/internal/service/calculator.go:95.5,99.20 4 1
calculator/internal/service/calculator.go:101.9,101.35 1 1
calculator/internal/service/calculator.go:101.35,103.4 1 1
calculator/internal/service/calculator.go:106.2,106.32 1 1
calculator/internal/service/calculator.go:106.32,108.46 2 1
calculator/internal/service/calculator.go:108.46,110.18 2 1
calculator/internal/service/calculator.go:110.18,111.12 1 1
calculator/internal/service/calculator.go:112.25,112.25 0 1
calculator/internal/service/calculator.go:113.13,113.13 0 0
calculator/internal/service/calculator.go:115.10,117.5 1 1
calculator/internal/service/calculator.go:118.4,118.13 1 1
calculator/internal/service/calculator.go:122.2,122.12 1 1
calculator/internal/service/calculator.go:122.12,125.3 2 1
calculator/internal/service/calculator.go:127.2,128.31 2 1
calculator/internal/service/calculator.go:128.31,130.3 1 1
calculator/internal/service/calculator.go:132.2,132.9 1 1
calculator/internal/service/calculator.go:133.24,134.18 1 1
calculator/internal/service/calculator.go:135.10,135.10 0 1
calculator/internal/service/calculator.go:138.2,139.36 2 1
calculator/internal/service/calculator.go:139.36,141.10 2 1
calculator/internal/service/calculator.go:141.10,142.12 1 0
calculator/internal/service/calculator.go:144.3,144.74 1 1
calculator/internal/service/calculator.go:147.2,147.25 1 1
calculator/internal/service/calculator.go:150.114,152.25 2 1
calculator/internal/service/calculator.go:153.15,154.29 1 0
calculator/internal/service/calculator.go:154.29,156.4 1 0
calculator/internal/service/calculator.go:157.3,157.23 1 0
calculator/internal/service/calculator.go:158.13,159.16 1 1
calculator/internal/service/calculator.go:160.14,163.9 3 1
calculator/internal/service/calculator.go:163.9,166.4 2 1
calculator/internal/service/calculator.go:169.3,169.16 1 1
calculator/internal/service/calculator.go:169.16,172.28 2 1
calculator/internal/service/calculator.go:172.28,174.36 2 1
calculator/internal/service/calculator.go:174.36,177.6 2 1
calculator/internal/service/calculator.go:178.5,179.38 2 1
calculator/internal/service/calculator.go:181.4,181.62 1 0
calculator/internal/service/calculator.go:184.3,185.14 2 1
calculator/internal/service/calculator.go:185.14,188.4 2 1
calculator/internal/service/calculator.go:189.3,192.17 3 0
calculator/internal/service/calculator.go:192.17,194.4 1 0
calculator/internal/service/calculator.go:195.3,195.18 1 0
calculator/internal/service/calculator.go:196.10,197.45 1 0
